<?xml version="1.0" encoding="UTF-8"?>
<!-- Generated by org.testng.reporters.JUnitReportReporter -->
<testsuite hostname="1-ПК" failures="0" tests="1" name="TestLoginAndLogout" time="14.399" errors="0" timestamp="17 янв. 2021 20:11:17 GMT" skipped="0">
  <testcase classname="TestLoginAndLogout" name="testLogin" time="14.399"/>
</testsuite> <!-- TestLoginAndLogout -->
