<?xml version="1.0" encoding="UTF-8"?>
<!-- Generated by org.testng.reporters.JUnitReportReporter -->
<testsuite hostname="1-ПК" failures="0" tests="1" name="TestLoginAndLogout" time="19.089" errors="0" timestamp="2020-12-06T21:11:31 EET" skipped="0">
  <testcase classname="TestLoginAndLogout" name="testLogin" time="19.089"/>
  <system-out/>
</testsuite> <!-- TestLoginAndLogout -->
