<?xml version="1.0" encoding="UTF-8"?>
<!-- Generated by org.testng.reporters.JUnitReportReporter -->
<testsuite hostname="1-ПК" failures="0" tests="3" name="GitHubTestAndPreProdEnv" time="6.333" errors="0" timestamp="07 февр. 2021 18:57:35 GMT" skipped="0">
  <testcase classname="GitHubTestAndPreProdEnv" name="loginInto" time="2.305"/>
  <testcase classname="GitHubTestAndPreProdEnv" name="inspectMainPage" time="0.045"/>
  <testcase classname="GitHubTestAndPreProdEnv" name="logoutFromGitHub" time="3.983"/>
</testsuite> <!-- GitHubTestAndPreProdEnv -->
