<?xml version="1.0" encoding="UTF-8"?>
<!-- Generated by org.testng.reporters.JUnitReportReporter -->
<testsuite hostname="1-ПК" failures="0" tests="3" name="GitHubTestAndPreProdEnv" time="39.076" errors="0" timestamp="2020-12-06T21:11:31 EET" skipped="0">
  <testcase classname="GitHubTestAndPreProdEnv" name="loginInto" time="11.067"/>
  <system-out/>
  <testcase classname="GitHubTestAndPreProdEnv" name="inspectMainPage" time="0.068"/>
  <system-out/>
  <testcase classname="GitHubTestAndPreProdEnv" name="logoutFromGitHub" time="27.941"/>
  <system-out/>
</testsuite> <!-- GitHubTestAndPreProdEnv -->
