<?xml version="1.0" encoding="UTF-8"?>
<!-- Generated by org.testng.reporters.JUnitReportReporter -->
<testsuite hostname="1-ПК" failures="0" tests="1" name="TestLoginAndLogout" time="16.795" errors="0" timestamp="18 янв. 2021 21:08:29 GMT" skipped="0">
  <testcase classname="TestLoginAndLogout" name="testLogin" time="16.795"/>
</testsuite> <!-- TestLoginAndLogout -->
